<?xml version="1.0" encoding="UTF-8"?>
<testsuite xmlns:xsi="http://www.w3.org/2001/XMLSchema-instance" xsi:noNamespaceSchemaLocation="https://maven.apache.org/surefire/maven-surefire-plugin/xsd/surefire-test-report.xsd" name="rxwriter.prescription.DurationUnitTest" time="0.333" tests="2" errors="0" skipped="0" failures="0">
  <properties>
[...]
</properties>
  <testcase name="matchUnitBySingularString" classname="rxwriter.prescription.DurationUnitTest" time="0.221"/>
  <testcase name="matchUnitByPluralString" classname="rxwriter.prescription.DurationUnitTest" time="0.012"/>
</testsuite>